{
  "RSpec": {
    "coverage": {
      "/Users/thiagotonon/Documents/projects/ibta/web/quanto-preciso/spec/controllers/notices_controller_spec.rb": [
        1,
        null,
        1,
        null,
        4,
        null,
        1,
        4,
        null,
        1,
        1,
        null,
        null,
        1,
        1,
        1,
        null,
        null,
        1,
        1,
        null,
        null,
        null,
        null
      ],
      "/Users/thiagotonon/Documents/projects/ibta/web/quanto-preciso/spec/rails_helper.rb": [
        null,
        1,
        1,
        null,
        1,
        1,
        1,
        null,
        1,
        null,
        null,
        null,
        null,
        null,
        null,
        null,
        null,
        null,
        null,
        null,
        null,
        null,
        null,
        null,
        null,
        null,
        null,
        1,
        null,
        1,
        null,
        1,
        null,
        null,
        null,
        null,
        1,
        null,
        null,
        null,
        null,
        null,
        null,
        null,
        null,
        null,
        null,
        null,
        null,
        null,
        null,
        1,
        null,
        null,
        1,
        null,
        null,
        null,
        null,
        1,
        1,
        1,
        1,
        null,
        null
      ],
      "/Users/thiagotonon/Documents/projects/ibta/web/quanto-preciso/config/environment.rb": [
        null,
        1,
        null,
        null,
        1
      ],
      "/Users/thiagotonon/Documents/projects/ibta/web/quanto-preciso/config/application.rb": [
        1,
        null,
        1,
        null,
        1,
        1,
        1,
        1,
        1,
        1,
        1,
        null,
        1,
        null,
        null,
        null,
        1,
        null,
        1,
        1,
        null,
        null,
        null,
        null,
        null,
        null,
        null,
        1,
        null,
        null
      ],
      "/Users/thiagotonon/Documents/projects/ibta/web/quanto-preciso/config/boot.rb": [
        1,
        null,
        1
      ],
      "/Users/thiagotonon/Documents/projects/ibta/web/quanto-preciso/config/environments/test.rb": [
        1,
        null,
        null,
        null,
        null,
        null,
        null,
        1,
        null,
        null,
        null,
        null,
        1,
        null,
        null,
        1,
        1,
        null,
        null,
        null,
        null,
        1,
        1,
        null,
        null,
        1,
        null,
        null,
        1,
        1,
        null,
        null,
        null,
        null,
        1,
        null,
        null,
        1,
        null,
        null,
        null,
        null
      ],
      "/Users/thiagotonon/Documents/projects/ibta/web/quanto-preciso/config/initializers/application_controller_renderer.rb": [
        null,
        null,
        null,
        null,
        null,
        null
      ],
      "/Users/thiagotonon/Documents/projects/ibta/web/quanto-preciso/config/initializers/backtrace_silencers.rb": [
        null,
        null,
        null,
        null,
        null,
        null,
        null
      ],
      "/Users/thiagotonon/Documents/projects/ibta/web/quanto-preciso/config/initializers/cors.rb": [
        null,
        null,
        null,
        null,
        null,
        null,
        null,
        null,
        null,
        null,
        null,
        null,
        null,
        null,
        null,
        null
      ],
      "/Users/thiagotonon/Documents/projects/ibta/web/quanto-preciso/config/initializers/filter_parameter_logging.rb": [
        null,
        null,
        null,
        1
      ],
      "/Users/thiagotonon/Documents/projects/ibta/web/quanto-preciso/config/initializers/inflections.rb": [
        null,
        null,
        null,
        null,
        null,
        null,
        null,
        null,
        null,
        null,
        null,
        null,
        null,
        null,
        null,
        null
      ],
      "/Users/thiagotonon/Documents/projects/ibta/web/quanto-preciso/config/initializers/mime_types.rb": [
        null,
        null,
        null,
        null
      ],
      "/Users/thiagotonon/Documents/projects/ibta/web/quanto-preciso/config/initializers/new_framework_defaults.rb": [
        null,
        null,
        null,
        null,
        null,
        null,
        null,
        null,
        1,
        null,
        null,
        1,
        null,
        null,
        1,
        null,
        null,
        1
      ],
      "/Users/thiagotonon/Documents/projects/ibta/web/quanto-preciso/config/initializers/wrap_parameters.rb": [
        null,
        null,
        null,
        null,
        null,
        null,
        1,
        2,
        null,
        null,
        null,
        null,
        null,
        null
      ],
      "/Users/thiagotonon/Documents/projects/ibta/web/quanto-preciso/spec/factories/notice.rb": [
        1,
        1,
        1,
        16,
        1,
        null,
        null
      ],
      "/Users/thiagotonon/Documents/projects/ibta/web/quanto-preciso/config/routes.rb": [
        1,
        1,
        null
      ],
      "/Users/thiagotonon/Documents/projects/ibta/web/quanto-preciso/spec/support/factory_girl.rb": [
        1,
        1,
        null
      ],
      "/Users/thiagotonon/Documents/projects/ibta/web/quanto-preciso/app/controllers/notices_controller.rb": [
        1,
        null,
        1,
        3,
        3,
        null,
        null,
        null
      ],
      "/Users/thiagotonon/Documents/projects/ibta/web/quanto-preciso/app/controllers/application_controller.rb": [
        1,
        null
      ],
      "/Users/thiagotonon/Documents/projects/ibta/web/quanto-preciso/spec/models/notice_spec.rb": [
        1,
        null,
        1,
        null,
        2,
        2,
        null,
        null
      ],
      "/Users/thiagotonon/Documents/projects/ibta/web/quanto-preciso/app/models/notice.rb": [
        1,
        null,
        1,
        null,
        null
      ],
      "/Users/thiagotonon/Documents/projects/ibta/web/quanto-preciso/app/models/application_record.rb": [
        1,
        1,
        null
      ],
      "/Users/thiagotonon/Documents/projects/ibta/web/quanto-preciso/spec/services/scraper_spec.rb": [
        1,
        null,
        1,
        null,
        5,
        null,
        1,
        1,
        1,
        1,
        null,
        1,
        1,
        2,
        null,
        null,
        null,
        1,
        1,
        1,
        null,
        1,
        1,
        2,
        null,
        null,
        null,
        null,
        1,
        1,
        1,
        null,
        1,
        1,
        1,
        null,
        null,
        null,
        1,
        1,
        1,
        null,
        null,
        null,
        null
      ],
      "/Users/thiagotonon/Documents/projects/ibta/web/quanto-preciso/app/services/scraper.rb": [
        1,
        null,
        1,
        null,
        1,
        null,
        1,
        4,
        null,
        null,
        1,
        0,
        0,
        0,
        0,
        null,
        0,
        null,
        0,
        0,
        0,
        0,
        0,
        null,
        0,
        null,
        null,
        null,
        null,
        1,
        null,
        1,
        2,
        null,
        null,
        1,
        1,
        1,
        null,
        null,
        1,
        5,
        5,
        5,
        5,
        5,
        null,
        null,
        null,
        null
      ],
      "/Users/thiagotonon/Documents/projects/ibta/web/quanto-preciso/app/serializers/notice_serializer.rb": [
        1,
        1,
        null
      ]
    },
    "timestamp": 1490918646
  }
}
